<?xml version="1.0" encoding="UTF-8"?>
<testng-results ignored="0" total="0" passed="0" failed="0" skipped="0">
  <reporter-output>
  </reporter-output>
  <suite started-at="2020-10-24T17:59:48 MESZ" name="Surefire suite" finished-at="2020-10-24T18:00:17 MESZ" duration-ms="28950">
    <groups>
    </groups>
    <test started-at="2020-10-24T17:59:48 MESZ" name="Surefire test" finished-at="2020-10-24T18:00:17 MESZ" duration-ms="28950">
    </test> <!-- Surefire test -->
  </suite> <!-- Surefire suite -->
</testng-results>
